<?xml version="1.0" encoding="UTF-8"?>
<testsuite xmlns:xsi="http://www.w3.org/2001/XMLSchema-instance" xsi:noNamespaceSchemaLocation="https://maven.apache.org/surefire/maven-surefire-plugin/xsd/surefire-test-report.xsd" name="ApplicationTest" time="0.016" tests="1" errors="0" skipped="0" failures="0">
  <properties>
    <property name="sun.desktop" value="windows"/>
    <property name="awt.toolkit" value="sun.awt.windows.WToolkit"/>
    <property name="file.encoding.pkg" value="sun.io"/>
    <property name="java.specification.version" value="1.8"/>
    <property name="sun.cpu.isalist" value="amd64"/>
    <property name="sun.jnu.encoding" value="MS932"/>
    <property name="java.class.path" value="D:\workspace\aaa\maven1_ref\maven1\target\test-classes;D:\workspace\aaa\maven1_ref\maven1\target\classes;C:\Users\g0903\.m2\repository\commons-lang\commons-lang\2.3\commons-lang-2.3.jar;C:\Users\g0903\.m2\repository\com\fasterxml\jackson\core\jackson-core\2.9.2\jackson-core-2.9.2.jar;C:\Users\g0903\.m2\repository\org\jsoup\jsoup\1.11.1\jsoup-1.11.1.jar;C:\Users\g0903\.m2\repository\com\google\code\maven-play-plugin\org\playframework\play\1.4.5\play-1.4.5.jar;C:\Users\g0903\.m2\repository\org\ow2\asm\asm-all\5.2\asm-all-5.2.jar;C:\Users\g0903\.m2\repository\com\mchange\c3p0\0.9.5.2\c3p0-0.9.5.2.jar;C:\Users\g0903\.m2\repository\com\mchange\mchange-commons-java\0.2.12\mchange-commons-java-0.2.12.jar;C:\Users\g0903\.m2\repository\com\google\code\maven-play-plugin\com\mchange\c3p0-oracle-thin-extras\0.9.5\c3p0-oracle-thin-extras-0.9.5.jar;C:\Users\g0903\.m2\repository\cglib\cglib\3.2.4\cglib-3.2.4.jar;C:\Users\g0903\.m2\repository\org\apache\ant\ant\1.9.6\ant-1.9.6.jar;C:\Users\g0903\.m2\repository\org\apache\ant\ant-launcher\1.9.6\ant-launcher-1.9.6.jar;C:\Users\g0903\.m2\repository\com\google\code\gson\gson\2.8.0\gson-2.8.0.jar;C:\Users\g0903\.m2\repository\com\h2database\h2\1.4.193\h2-1.4.193.jar;C:\Users\g0903\.m2\repository\com\ning\async-http-client\1.9.40\async-http-client-1.9.40.jar;C:\Users\g0903\.m2\repository\com\thoughtworks\xstream\xstream\1.4.9\xstream-1.4.9.jar;C:\Users\g0903\.m2\repository\commons-beanutils\commons-beanutils\1.9.2\commons-beanutils-1.9.2.jar;C:\Users\g0903\.m2\repository\commons-codec\commons-codec\1.10\commons-codec-1.10.jar;C:\Users\g0903\.m2\repository\commons-collections\commons-collections\3.2.2\commons-collections-3.2.2.jar;C:\Users\g0903\.m2\repository\org\apache\commons\commons-email\1.4\commons-email-1.4.jar;C:\Users\g0903\.m2\repository\commons-fileupload\commons-fileupload\1.3.2\commons-fileupload-1.3.2.jar;C:\Users\g0903\.m2\repository\commons-io\commons-io\2.5\commons-io-2.5.jar;C:\Users\g0903\.m2\repository\commons-logging\commons-logging\1.2\commons-logging-1.2.jar;C:\Users\g0903\.m2\repository\com\jamonapi\jamon\2.81\jamon-2.81.jar;C:\Users\g0903\.m2\repository\dom4j\dom4j\1.6.1\dom4j-1.6.1.jar;C:\Users\g0903\.m2\repository\org\javassist\javassist\3.21.0-GA\javassist-3.21.0-GA.jar;C:\Users\g0903\.m2\repository\javax\activation\activation\1.1.1\activation-1.1.1.jar;C:\Users\g0903\.m2\repository\javax\inject\javax.inject\1\javax.inject-1.jar;C:\Users\g0903\.m2\repository\javax\mail\mail\1.4.7\mail-1.4.7.jar;C:\Users\g0903\.m2\repository\javax\validation\validation-api\1.1.0.Final\validation-api-1.1.0.Final.jar;C:\Users\g0903\.m2\repository\jaxen\jaxen\1.1.6\jaxen-1.1.6.jar;C:\Users\g0903\.m2\repository\joda-time\joda-time\2.9.7\joda-time-2.9.7.jar;C:\Users\g0903\.m2\repository\junit\junit\4.12\junit-4.12.jar;C:\Users\g0903\.m2\repository\log4j\log4j\1.2.17\log4j-1.2.17.jar;C:\Users\g0903\.m2\repository\mysql\mysql-connector-java\5.1.40\mysql-connector-java-5.1.40.jar;C:\Users\g0903\.m2\repository\net\sf\ehcache\ehcache-core\2.6.11\ehcache-core-2.6.11.jar;C:\Users\g0903\.m2\repository\net\sf\ezmorph\ezmorph\1.0.6\ezmorph-1.0.6.jar;C:\Users\g0903\.m2\repository\net\sf\jsr107cache\jsr107cache\1.1\jsr107cache-1.1.jar;C:\Users\g0903\.m2\repository\net\sf\oval\oval\1.86\oval-1.86.jar;C:\Users\g0903\.m2\repository\net\sourceforge\jregex\jregex\1.2_01\jregex-1.2_01.jar;C:\Users\g0903\.m2\repository\net\spy\spymemcached\2.12.1\spymemcached-2.12.1.jar;C:\Users\g0903\.m2\repository\oauth\signpost\signpost-core\1.2.1.2\signpost-core-1.2.1.2.jar;C:\Users\g0903\.m2\repository\org\apache\ivy\ivy\2.4.0\ivy-2.4.0.jar;C:\Users\g0903\.m2\repository\org\bouncycastle\bcprov-jdk15\1.46\bcprov-jdk15-1.46.jar;C:\Users\g0903\.m2\repository\org\codehaus\groovy\groovy-all\2.4.7\groovy-all-2.4.7.jar;C:\Users\g0903\.m2\repository\org\hamcrest\hamcrest-all\1.3\hamcrest-all-1.3.jar;C:\Users\g0903\.m2\repository\org\hibernate\hibernate-c3p0\4.2.19.Final\hibernate-c3p0-4.2.19.Final.jar;C:\Users\g0903\.m2\repository\org\jboss\logging\jboss-logging\3.1.0.GA\jboss-logging-3.1.0.GA.jar;C:\Users\g0903\.m2\repository\org\hibernate\hibernate-ehcache\4.2.19.Final\hibernate-ehcache-4.2.19.Final.jar;C:\Users\g0903\.m2\repository\org\hibernate\hibernate-entitymanager\4.2.19.Final\hibernate-entitymanager-4.2.19.Final.jar;C:\Users\g0903\.m2\repository\org\hibernate\common\hibernate-commons-annotations\4.0.2.Final\hibernate-commons-annotations-4.0.2.Final.jar;C:\Users\g0903\.m2\repository\org\hibernate\hibernate-validator\4.1.0.Final\hibernate-validator-4.1.0.Final.jar;C:\Users\g0903\.m2\repository\org\hibernate\javax\persistence\hibernate-jpa-2.0-api\1.0.1.Final\hibernate-jpa-2.0-api-1.0.1.Final.jar;C:\Users\g0903\.m2\repository\org\jboss\spec\javax\transaction\jboss-transaction-api_1.1_spec\1.0.1.Final\jboss-transaction-api_1.1_spec-1.0.1.Final.jar;C:\Users\g0903\.m2\repository\io\netty\netty\3.10.6.Final\netty-3.10.6.Final.jar;C:\Users\g0903\.m2\repository\org\slf4j\slf4j-api\1.7.22\slf4j-api-1.7.22.jar;C:\Users\g0903\.m2\repository\org\slf4j\slf4j-log4j12\1.7.22\slf4j-log4j12-1.7.22.jar;C:\Users\g0903\.m2\repository\org\yaml\snakeyaml\1.17\snakeyaml-1.17.jar;C:\Users\g0903\.m2\repository\xmlpull\xmlpull\1.1.3.4d_b4_min\xmlpull-1.1.3.4d_b4_min.jar;C:\Users\g0903\.m2\repository\com\google\code\maven-play-plugin\org\apache\commons\commons-javaflow\1590792-patched-play-1.3.0\commons-javaflow-1590792-patched-play-1.3.0.jar;C:\Users\g0903\.m2\repository\com\google\code\maven-play-plugin\org\eclipse\jdt\org.eclipse.jdt.core\3.10.0.v20140604-1726\org.eclipse.jdt.core-3.10.0.v20140604-1726.jar;C:\Users\g0903\.m2\repository\com\google\code\maven-play-plugin\org\hibernate\hibernate-core\4.2.19.Final-patched-play-1.3.2\hibernate-core-4.2.19.Final-patched-play-1.3.2.jar;C:\Users\g0903\.m2\repository\antlr\antlr\2.7.7\antlr-2.7.7.jar;C:\Users\g0903\.m2\repository\com\google\code\maven-play-plugin\org\playframework\jj-imaging\1.1\jj-imaging-1.1.jar;C:\Users\g0903\.m2\repository\com\google\code\maven-play-plugin\org\playframework\jj-simplecaptcha\1.1\jj-simplecaptcha-1.1.jar;C:\Users\g0903\.m2\repository\com\google\code\maven-play-plugin\org\playframework\jj-textile\1.1\jj-textile-1.1.jar;C:\Users\g0903\.m2\repository\com\google\code\maven-play-plugin\org\playframework\jj-wikitext\1.1\jj-wikitext-1.1.jar;C:\Users\g0903\.m2\repository\com\google\code\maven-play-plugin\postgresql\postgresql\9.0-801.jdbc4-patched-play-1.2.3\postgresql-9.0-801.jdbc4-patched-play-1.2.3.jar;"/>
    <property name="java.vm.vendor" value="Oracle Corporation"/>
    <property name="sun.arch.data.model" value="64"/>
    <property name="user.variant" value=""/>
    <property name="java.vendor.url" value="http://java.oracle.com/"/>
    <property name="user.timezone" value=""/>
    <property name="java.vm.specification.version" value="1.8"/>
    <property name="os.name" value="Windows 10"/>
    <property name="user.country" value="JP"/>
    <property name="sun.java.launcher" value="SUN_STANDARD"/>
    <property name="sun.boot.library.path" value="C:\opt\Java\jdk1.8.0_151\jre\bin"/>
    <property name="sun.java.command" value="C:\Users\g0903\AppData\Local\Temp\surefire5790557480392535031\surefirebooter6041213359736240293.jar C:\Users\g0903\AppData\Local\Temp\surefire5790557480392535031 2017-11-18T01-38-10_211-jvmRun1 surefire5297037554721202595tmp surefire_01572233947603866871tmp"/>
    <property name="surefire.test.class.path" value="D:\workspace\aaa\maven1_ref\maven1\target\test-classes;D:\workspace\aaa\maven1_ref\maven1\target\classes;C:\Users\g0903\.m2\repository\commons-lang\commons-lang\2.3\commons-lang-2.3.jar;C:\Users\g0903\.m2\repository\com\fasterxml\jackson\core\jackson-core\2.9.2\jackson-core-2.9.2.jar;C:\Users\g0903\.m2\repository\org\jsoup\jsoup\1.11.1\jsoup-1.11.1.jar;C:\Users\g0903\.m2\repository\com\google\code\maven-play-plugin\org\playframework\play\1.4.5\play-1.4.5.jar;C:\Users\g0903\.m2\repository\org\ow2\asm\asm-all\5.2\asm-all-5.2.jar;C:\Users\g0903\.m2\repository\com\mchange\c3p0\0.9.5.2\c3p0-0.9.5.2.jar;C:\Users\g0903\.m2\repository\com\mchange\mchange-commons-java\0.2.12\mchange-commons-java-0.2.12.jar;C:\Users\g0903\.m2\repository\com\google\code\maven-play-plugin\com\mchange\c3p0-oracle-thin-extras\0.9.5\c3p0-oracle-thin-extras-0.9.5.jar;C:\Users\g0903\.m2\repository\cglib\cglib\3.2.4\cglib-3.2.4.jar;C:\Users\g0903\.m2\repository\org\apache\ant\ant\1.9.6\ant-1.9.6.jar;C:\Users\g0903\.m2\repository\org\apache\ant\ant-launcher\1.9.6\ant-launcher-1.9.6.jar;C:\Users\g0903\.m2\repository\com\google\code\gson\gson\2.8.0\gson-2.8.0.jar;C:\Users\g0903\.m2\repository\com\h2database\h2\1.4.193\h2-1.4.193.jar;C:\Users\g0903\.m2\repository\com\ning\async-http-client\1.9.40\async-http-client-1.9.40.jar;C:\Users\g0903\.m2\repository\com\thoughtworks\xstream\xstream\1.4.9\xstream-1.4.9.jar;C:\Users\g0903\.m2\repository\commons-beanutils\commons-beanutils\1.9.2\commons-beanutils-1.9.2.jar;C:\Users\g0903\.m2\repository\commons-codec\commons-codec\1.10\commons-codec-1.10.jar;C:\Users\g0903\.m2\repository\commons-collections\commons-collections\3.2.2\commons-collections-3.2.2.jar;C:\Users\g0903\.m2\repository\org\apache\commons\commons-email\1.4\commons-email-1.4.jar;C:\Users\g0903\.m2\repository\commons-fileupload\commons-fileupload\1.3.2\commons-fileupload-1.3.2.jar;C:\Users\g0903\.m2\repository\commons-io\commons-io\2.5\commons-io-2.5.jar;C:\Users\g0903\.m2\repository\commons-logging\commons-logging\1.2\commons-logging-1.2.jar;C:\Users\g0903\.m2\repository\com\jamonapi\jamon\2.81\jamon-2.81.jar;C:\Users\g0903\.m2\repository\dom4j\dom4j\1.6.1\dom4j-1.6.1.jar;C:\Users\g0903\.m2\repository\org\javassist\javassist\3.21.0-GA\javassist-3.21.0-GA.jar;C:\Users\g0903\.m2\repository\javax\activation\activation\1.1.1\activation-1.1.1.jar;C:\Users\g0903\.m2\repository\javax\inject\javax.inject\1\javax.inject-1.jar;C:\Users\g0903\.m2\repository\javax\mail\mail\1.4.7\mail-1.4.7.jar;C:\Users\g0903\.m2\repository\javax\validation\validation-api\1.1.0.Final\validation-api-1.1.0.Final.jar;C:\Users\g0903\.m2\repository\jaxen\jaxen\1.1.6\jaxen-1.1.6.jar;C:\Users\g0903\.m2\repository\joda-time\joda-time\2.9.7\joda-time-2.9.7.jar;C:\Users\g0903\.m2\repository\junit\junit\4.12\junit-4.12.jar;C:\Users\g0903\.m2\repository\log4j\log4j\1.2.17\log4j-1.2.17.jar;C:\Users\g0903\.m2\repository\mysql\mysql-connector-java\5.1.40\mysql-connector-java-5.1.40.jar;C:\Users\g0903\.m2\repository\net\sf\ehcache\ehcache-core\2.6.11\ehcache-core-2.6.11.jar;C:\Users\g0903\.m2\repository\net\sf\ezmorph\ezmorph\1.0.6\ezmorph-1.0.6.jar;C:\Users\g0903\.m2\repository\net\sf\jsr107cache\jsr107cache\1.1\jsr107cache-1.1.jar;C:\Users\g0903\.m2\repository\net\sf\oval\oval\1.86\oval-1.86.jar;C:\Users\g0903\.m2\repository\net\sourceforge\jregex\jregex\1.2_01\jregex-1.2_01.jar;C:\Users\g0903\.m2\repository\net\spy\spymemcached\2.12.1\spymemcached-2.12.1.jar;C:\Users\g0903\.m2\repository\oauth\signpost\signpost-core\1.2.1.2\signpost-core-1.2.1.2.jar;C:\Users\g0903\.m2\repository\org\apache\ivy\ivy\2.4.0\ivy-2.4.0.jar;C:\Users\g0903\.m2\repository\org\bouncycastle\bcprov-jdk15\1.46\bcprov-jdk15-1.46.jar;C:\Users\g0903\.m2\repository\org\codehaus\groovy\groovy-all\2.4.7\groovy-all-2.4.7.jar;C:\Users\g0903\.m2\repository\org\hamcrest\hamcrest-all\1.3\hamcrest-all-1.3.jar;C:\Users\g0903\.m2\repository\org\hibernate\hibernate-c3p0\4.2.19.Final\hibernate-c3p0-4.2.19.Final.jar;C:\Users\g0903\.m2\repository\org\jboss\logging\jboss-logging\3.1.0.GA\jboss-logging-3.1.0.GA.jar;C:\Users\g0903\.m2\repository\org\hibernate\hibernate-ehcache\4.2.19.Final\hibernate-ehcache-4.2.19.Final.jar;C:\Users\g0903\.m2\repository\org\hibernate\hibernate-entitymanager\4.2.19.Final\hibernate-entitymanager-4.2.19.Final.jar;C:\Users\g0903\.m2\repository\org\hibernate\common\hibernate-commons-annotations\4.0.2.Final\hibernate-commons-annotations-4.0.2.Final.jar;C:\Users\g0903\.m2\repository\org\hibernate\hibernate-validator\4.1.0.Final\hibernate-validator-4.1.0.Final.jar;C:\Users\g0903\.m2\repository\org\hibernate\javax\persistence\hibernate-jpa-2.0-api\1.0.1.Final\hibernate-jpa-2.0-api-1.0.1.Final.jar;C:\Users\g0903\.m2\repository\org\jboss\spec\javax\transaction\jboss-transaction-api_1.1_spec\1.0.1.Final\jboss-transaction-api_1.1_spec-1.0.1.Final.jar;C:\Users\g0903\.m2\repository\io\netty\netty\3.10.6.Final\netty-3.10.6.Final.jar;C:\Users\g0903\.m2\repository\org\slf4j\slf4j-api\1.7.22\slf4j-api-1.7.22.jar;C:\Users\g0903\.m2\repository\org\slf4j\slf4j-log4j12\1.7.22\slf4j-log4j12-1.7.22.jar;C:\Users\g0903\.m2\repository\org\yaml\snakeyaml\1.17\snakeyaml-1.17.jar;C:\Users\g0903\.m2\repository\xmlpull\xmlpull\1.1.3.4d_b4_min\xmlpull-1.1.3.4d_b4_min.jar;C:\Users\g0903\.m2\repository\com\google\code\maven-play-plugin\org\apache\commons\commons-javaflow\1590792-patched-play-1.3.0\commons-javaflow-1590792-patched-play-1.3.0.jar;C:\Users\g0903\.m2\repository\com\google\code\maven-play-plugin\org\eclipse\jdt\org.eclipse.jdt.core\3.10.0.v20140604-1726\org.eclipse.jdt.core-3.10.0.v20140604-1726.jar;C:\Users\g0903\.m2\repository\com\google\code\maven-play-plugin\org\hibernate\hibernate-core\4.2.19.Final-patched-play-1.3.2\hibernate-core-4.2.19.Final-patched-play-1.3.2.jar;C:\Users\g0903\.m2\repository\antlr\antlr\2.7.7\antlr-2.7.7.jar;C:\Users\g0903\.m2\repository\com\google\code\maven-play-plugin\org\playframework\jj-imaging\1.1\jj-imaging-1.1.jar;C:\Users\g0903\.m2\repository\com\google\code\maven-play-plugin\org\playframework\jj-simplecaptcha\1.1\jj-simplecaptcha-1.1.jar;C:\Users\g0903\.m2\repository\com\google\code\maven-play-plugin\org\playframework\jj-textile\1.1\jj-textile-1.1.jar;C:\Users\g0903\.m2\repository\com\google\code\maven-play-plugin\org\playframework\jj-wikitext\1.1\jj-wikitext-1.1.jar;C:\Users\g0903\.m2\repository\com\google\code\maven-play-plugin\postgresql\postgresql\9.0-801.jdbc4-patched-play-1.2.3\postgresql-9.0-801.jdbc4-patched-play-1.2.3.jar;"/>
    <property name="sun.cpu.endian" value="little"/>
    <property name="user.home" value="C:\Users\g0903"/>
    <property name="user.language" value="ja"/>
    <property name="java.specification.vendor" value="Oracle Corporation"/>
    <property name="java.home" value="C:\opt\Java\jdk1.8.0_151\jre"/>
    <property name="basedir" value="D:\workspace\aaa\maven1_ref\maven1"/>
    <property name="file.separator" value="\"/>
    <property name="line.separator" value="&#10;"/>
    <property name="java.vm.specification.vendor" value="Oracle Corporation"/>
    <property name="java.specification.name" value="Java Platform API Specification"/>
    <property name="java.awt.graphicsenv" value="sun.awt.Win32GraphicsEnvironment"/>
    <property name="surefire.real.class.path" value="C:\Users\g0903\AppData\Local\Temp\surefire5790557480392535031\surefirebooter6041213359736240293.jar"/>
    <property name="sun.boot.class.path" value="C:\opt\Java\jdk1.8.0_151\jre\lib\resources.jar;C:\opt\Java\jdk1.8.0_151\jre\lib\rt.jar;C:\opt\Java\jdk1.8.0_151\jre\lib\sunrsasign.jar;C:\opt\Java\jdk1.8.0_151\jre\lib\jsse.jar;C:\opt\Java\jdk1.8.0_151\jre\lib\jce.jar;C:\opt\Java\jdk1.8.0_151\jre\lib\charsets.jar;C:\opt\Java\jdk1.8.0_151\jre\lib\jfr.jar;C:\opt\Java\jdk1.8.0_151\jre\classes"/>
    <property name="user.script" value=""/>
    <property name="sun.management.compiler" value="HotSpot 64-Bit Tiered Compilers"/>
    <property name="java.runtime.version" value="1.8.0_151-b12"/>
    <property name="user.name" value="g0903"/>
    <property name="path.separator" value=";"/>
    <property name="os.version" value="10.0"/>
    <property name="java.endorsed.dirs" value="C:\opt\Java\jdk1.8.0_151\jre\lib\endorsed"/>
    <property name="java.runtime.name" value="Java(TM) SE Runtime Environment"/>
    <property name="file.encoding" value="MS932"/>
    <property name="java.vm.name" value="Java HotSpot(TM) 64-Bit Server VM"/>
    <property name="localRepository" value="C:\Users\g0903\.m2\repository"/>
    <property name="java.vendor.url.bug" value="http://bugreport.sun.com/bugreport/"/>
    <property name="java.io.tmpdir" value="C:\Users\g0903\AppData\Local\Temp\"/>
    <property name="java.version" value="1.8.0_151"/>
    <property name="user.dir" value="D:\workspace\aaa\maven1_ref\maven1"/>
    <property name="os.arch" value="amd64"/>
    <property name="java.vm.specification.name" value="Java Virtual Machine Specification"/>
    <property name="java.awt.printerjob" value="sun.awt.windows.WPrinterJob"/>
    <property name="sun.os.patch.level" value=""/>
    <property name="java.library.path" value="C:\opt\Java\jdk1.8.0_151\jre\bin;C:\Windows\Sun\Java\bin;C:\Windows\system32;C:\Windows;C:/opt/Java/jdk1.8.0_151/bin/../jre/bin/server;C:/opt/Java/jdk1.8.0_151/bin/../jre/bin;C:/opt/Java/jdk1.8.0_151/bin/../jre/lib/amd64;D:\opt\maven3.5.2\apache-maven-3.5.2\bin;D:\opt\Heroku;C:\opt\Java\jdk1.8.0_151\bin;C:\opt\play-1.4.5;D:\opt\Redis;D:\opt\ant\ant;C:\opt\Java\jdk1.8.0_151;D:\opt\PostgreSQL\9.4;C:\ProgramData\Oracle\Java\javapath;C:\Program Files (x86)\Intel\iCLS Client\;C:\Program Files\Intel\iCLS Client\;C:\Windows\system32;C:\Windows;C:\Windows\System32\Wbem;C:\Windows\System32\WindowsPowerShell\v1.0\;C:\Program Files (x86)\Intel\Intel(R) Management Engine Components\DAL;C:\Program Files\Intel\Intel(R) Management Engine Components\DAL;C:\Program Files (x86)\Intel\Intel(R) Management Engine Components\IPT;C:\Program Files\Intel\Intel(R) Management Engine Components\IPT;D:\opt\HashiCorp\Vagrant\bin;D:\opt\Git\cmd;C:\Users\g0903\AppData\Local\Microsoft\WindowsApps;D:\opt\Heroku\bin;D:\Program Files\Microsoft VS Code\bin;D:\Program Files\Docker Toolbox;C:\opt\pleiades-4.7.1\pleiades\eclipse;;."/>
    <property name="java.vm.info" value="mixed mode"/>
    <property name="java.vendor" value="Oracle Corporation"/>
    <property name="java.vm.version" value="25.151-b12"/>
    <property name="java.ext.dirs" value="C:\opt\Java\jdk1.8.0_151\jre\lib\ext;C:\Windows\Sun\Java\lib\ext"/>
    <property name="sun.io.unicode.encoding" value="UnicodeLittle"/>
    <property name="java.class.version" value="52.0"/>
  </properties>
  <testcase name="testThatIndexPageWorks" classname="ApplicationTest" time="0"/>
</testsuite>